Array
(
    [0] => Array
        (
            [generated_text] =>  Have you ever been to Sasa? It's an island in the Caribbean Sea.
        )

)
Array
(
    [0] => Array
        (
            [generated_text] =>  Have you ever heard of Nairo? It's an island in the Caribbean Sea.
        )

)
Array
(
    [0] => Array
        (
            [generated_text] =>  Niro is a city in the southeastern region of the United States.
        )

)
Array
(
    [0] => Array
        (
            [generated_text] =>  Do you know much about MK? It's an American multinational entertainment company.
        )

)
Array
(
    [0] => Array
        (
            [generated_text] =>  My name is Sarah. Do you have any pets? I have a dog.
        )

)
Array
(
    [0] => Array
        (
            [generated_text] =>  I don't know yet, but I'm sure it's going to be a good one.
        )

)
Array
(
    [0] => Array
        (
            [generated_text] =>  My name is Sarah. Do you have any pets? I have a dog.
        )

)
Array
(
    [0] => Array
        (
            [generated_text] =>  My name is Sarah. Do you have any pets? I have a dog.
        )

)
Array
(
    [0] => Array
        (
            [generated_text] =>  I don't know yet, but I'm sure it's going to be a good one.
        )

)
Array
(
    [0] => Array
        (
            [generated_text] =>  I'm sorry to hear that.  Do you feel that you are being treated unfairly?
        )

)
